20221212	15:32:41	58ec67a9-bb32-4c8e-bb11-c411dd58bf1d	Error: Not allowed by CORS	OPTIONS	/	https://www.google.com
20221212	15:32:41	82d711fd-4e69-4bf2-8be3-5213d925423a	Error: Not allowed by CORS	GET	/	https://www.google.com
20221212	16:22:05	91ab9e69-6686-4fc4-8857-d5d3c5b6f154	MongoServerError: user is not allowed to do action [find] on [hrathiMERN.users]	GET	/users	undefined
20221212	16:23:52	a5eef160-27af-4524-9f1d-f7fa4d970890	MongoServerError: user is not allowed to do action [find] on [hrathiMERN.users]	GET	/users	undefined
20221212	16:26:26	486a8b87-7d9e-400d-a2cb-671618e89ef2	MongoServerError: user is not allowed to do action [find] on [hrathiMERN.users]	GET	/users	undefined
20221212	16:33:11	d97e93fa-4332-4476-88fd-f63b601925f1	CastError: Cast to ObjectId failed for value "1" (type string) at path "_id" for model "User"	PATCH	/users	undefined
20221212	16:33:18	9399ff7a-527a-48e8-bd96-a36a4843a437	CastError: Cast to ObjectId failed for value "112121" (type string) at path "_id" for model "User"	PATCH	/users	undefined
20221212	16:33:35	987b4334-f618-4dec-b827-2b63c9f2b020	CastError: Cast to ObjectId failed for value "1ea1" (type string) at path "_id" for model "User"	PATCH	/users	undefined
20221213	13:52:58	9ea6a8bb-cf0d-4fa2-ad6d-3bf52e92e862	Error: Not allowed by CORS	GET	/users	http://localhost:3000
20221213	13:53:54	203a15f0-0d8c-4014-8de9-fcd5aa0f5cf9	Error: Not allowed by CORS	GET	/users	http://localhost:3000
20221213	13:53:57	4ac488cc-14b0-4ffa-b9e0-037e9466b8ea	Error: Not allowed by CORS	GET	/users	http://localhost:3000
20221213	13:54:02	ca76fb01-62e5-4b55-b17d-353bef870b97	Error: Not allowed by CORS	GET	/users	http://localhost:3000
20221213	13:55:11	93b17b8c-84fb-432f-b7be-8a69893e6342	Error: Not allowed by CORS	GET	/users	http://localhost:3000
20221213	13:55:37	5e54db53-29c1-4199-a572-5433506fd8e2	Error: Not allowed by CORS	GET	/users	http://localhost:3000
20221214	15:02:37	7909af32-45ba-44cd-8078-1287319c73aa	TypeError: foundUser.password is not a function	POST	/auth	undefined
20221214	15:03:19	dcfe8bc4-ab81-47e1-bcf9-4f1b1c1155bd	TypeError: foundUser.password is not a function	POST	/auth	undefined
20221214	15:03:29	f15e8b04-cd3c-48d3-b4d6-ad21c52c4ae5	Error: secretOrPrivateKey must have a value	POST	/auth	undefined
20221214	15:09:39	ab29cba4-25ad-4c6c-9c4a-927e1ece1bae	TypeError: res.clearCookies is not a function	POST	/auth/logout	undefined
20221214	15:12:32	f3f56422-38ec-4e75-aee7-41ff607328e2	TypeError: authHeader?.startWith is not a function	GET	/trips	undefined
20221214	15:13:18	24bd4e99-7a05-449f-916a-7ea64c2fda40	TypeError: authHeader?.startWith is not a function	GET	/trips	undefined
20221221	15:42:32	8e389f26-ae81-4fd7-8bd7-8adb2d07a1f8	Error: Not allowed by CORS	OPTIONS	/auth	http://localhost:3001
20221221	15:42:34	6590aa0b-bd1d-4383-af57-fe3ee505bf79	Error: Not allowed by CORS	OPTIONS	/auth	http://localhost:3001
